<?xml version="1.0" encoding="UTF-8"?>
<testsuite name="controllers.NoteAPITest$numberOfArchivedNotes" tests="3" skipped="0" failures="0" errors="0" timestamp="2022-03-08T10:33:40" hostname="LAPTOP-M9AQNCMP" time="0.079">
  <properties/>
  <testcase name="numberOfArchivedNotes returns No Notes Stored message when ArrayList is empty()" classname="controllers.NoteAPITest$numberOfArchivedNotes" time="0.072"/>
  <testcase name="numberOfArchivedNotes returns No Archived Notes Stored message when no Archive Notes but ArrayList is not empty()" classname="controllers.NoteAPITest$numberOfArchivedNotes" time="0.002"/>
  <testcase name="numberOfArchivedNotes returns Notes when ArrayList has archived notes stored()" classname="controllers.NoteAPITest$numberOfArchivedNotes" time="0.001"/>
  <system-out><![CDATA[]]></system-out>
  <system-err><![CDATA[]]></system-err>
</testsuite>
