<?xml version="1.0" encoding="UTF-8"?>
<testsuite name="controllers.NoteAPITest$listNotesBySelectedPriority" tests="3" skipped="0" failures="0" errors="0" timestamp="2022-03-13T07:25:48" hostname="LAPTOP-M9AQNCMP" time="0.019">
  <properties/>
  <testcase name="listNotesBySelectedPriority returns No Notes when ArrayList is empty()" classname="controllers.NoteAPITest$listNotesBySelectedPriority" time="0.002"/>
  <testcase name="listNotesBySelectedPriority returns all notes that match that priority when notes of that priority exist()" classname="controllers.NoteAPITest$listNotesBySelectedPriority" time="0.011"/>
  <testcase name="listNotesBySelectedPriority returns no notes when no notes of that priority exist()" classname="controllers.NoteAPITest$listNotesBySelectedPriority" time="0.001"/>
  <system-out><![CDATA[]]></system-out>
  <system-err><![CDATA[]]></system-err>
</testsuite>
