<?xml version="1.0" encoding="UTF-8"?>
<testsuite name="controllers.NoteAPITest$ListArchivedNotes" tests="3" skipped="0" failures="0" errors="0" timestamp="2022-03-08T14:03:08" hostname="LAPTOP-M9AQNCMP" time="0.005">
  <properties/>
  <testcase name="listArchivedNotes returns Notes when ArrayList has archived notes stored()" classname="controllers.NoteAPITest$ListArchivedNotes" time="0.001"/>
  <testcase name="listArchivedNotes returns No Archived Notes Stored message when no Archive Notes but ArrayList is not empty()" classname="controllers.NoteAPITest$ListArchivedNotes" time="0.001"/>
  <testcase name="listArchivedNotes returns No Notes Stored message when ArrayList is empty()" classname="controllers.NoteAPITest$ListArchivedNotes" time="0.001"/>
  <system-out><![CDATA[]]></system-out>
  <system-err><![CDATA[]]></system-err>
</testsuite>
