<?xml version="1.0" encoding="UTF-8"?>
<testsuite name="controllers.NoteAPITest$listNotesBySelectedPriority" tests="1" skipped="0" failures="0" errors="0" timestamp="2022-03-11T12:05:42" hostname="LAPTOP-M9AQNCMP" time="0.105">
  <properties/>
  <testcase name="listNotesBySelectedPriority returns no notes when no notes of that priority exist()" classname="controllers.NoteAPITest$listNotesBySelectedPriority" time="0.105"/>
  <system-out><![CDATA[]]></system-out>
  <system-err><![CDATA[]]></system-err>
</testsuite>
